d:\poc\selftfs\demo\dht11demosolution\sensors.dht\arm\debug\pch.pch
d:\poc\selftfs\demo\dht11demosolution\sensors.dht\arm\debug\vc140.pdb
d:\poc\selftfs\demo\dht11demosolution\sensors.dht\arm\debug\pch.obj
d:\poc\selftfs\demo\dht11demosolution\sensors.dht\arm\debug\dht22.obj
d:\poc\selftfs\demo\dht11demosolution\sensors.dht\arm\debug\dht11.obj
d:\poc\selftfs\demo\dht11demosolution\arm\debug\sensors.dht\sensors.dht.ilk
d:\poc\selftfs\demo\dht11demosolution\arm\debug\sensors.dht\sensors.dht.dll
d:\poc\selftfs\demo\dht11demosolution\arm\debug\sensors.dht\sensors.dht.winmd
d:\poc\selftfs\demo\dht11demosolution\arm\debug\sensors.dht\sensors.dht.pdb
d:\poc\selftfs\demo\dht11demosolution\arm\debug\sensors.dht\sensors.dht.lib
d:\poc\selftfs\demo\dht11demosolution\arm\debug\sensors.dht\sensors.dht.exp
d:\poc\selftfs\demo\dht11demosolution\sensors.dht\arm\debug\sensors.dht.vcxprojresolveassemblyreference.cache
d:\poc\selftfs\demo\dht11demosolution\sensors.dht\arm\debug\priconfig.xml
d:\poc\selftfs\demo\dht11demosolution\sensors.dht\arm\debug\priconfig.xml.intermediate
d:\poc\selftfs\demo\dht11demosolution\sensors.dht\arm\debug\layout.resfiles
d:\poc\selftfs\demo\dht11demosolution\sensors.dht\arm\debug\layout.resfiles.intermediate
d:\poc\selftfs\demo\dht11demosolution\sensors.dht\arm\debug\resources.resfiles
d:\poc\selftfs\demo\dht11demosolution\sensors.dht\arm\debug\resources.resfiles.intermediate
d:\poc\selftfs\demo\dht11demosolution\sensors.dht\arm\debug\pri.resfiles
d:\poc\selftfs\demo\dht11demosolution\sensors.dht\arm\debug\pri.resfiles.intermediate
d:\poc\selftfs\demo\dht11demosolution\arm\debug\sensors.dht\sensors.dht.pri
d:\poc\selftfs\demo\dht11demosolution\sensors.dht\arm\debug\qualifiers.txt
d:\poc\selftfs\demo\dht11demosolution\sensors.dht\arm\debug\qualifiers.txt.intermediate
d:\poc\selftfs\demo\dht11demosolution\sensors.dht\arm\debug\multiplequalifiersperdimensionfound.txt
d:\poc\practiceapp\sensors.dht\arm\debug\sensors.dht.vcxprojresolveassemblyreference.cache
d:\poc\practiceapp\sensors.dht\arm\debug\dht11.obj
d:\poc\practiceapp\sensors.dht\arm\debug\dht22.obj
d:\poc\practiceapp\sensors.dht\arm\debug\pch.obj
d:\poc\practiceapp\sensors.dht\arm\debug\pch.pch
d:\poc\practiceapp\sensors.dht\arm\debug\vc140.pdb
d:\poc\practiceapp\sensors.dht\arm\debug\priconfig.xml
d:\poc\practiceapp\sensors.dht\arm\debug\sensors.dht.tlog\cl.command.1.tlog
d:\poc\practiceapp\sensors.dht\arm\debug\sensors.dht.tlog\cl.read.1.tlog
d:\poc\practiceapp\sensors.dht\arm\debug\sensors.dht.tlog\cl.write.1.tlog
d:\poc\practiceapp\sensors.dht\arm\debug\sensors.dht.tlog\link.command.1.tlog
d:\poc\practiceapp\sensors.dht\arm\debug\sensors.dht.tlog\link.read.1.tlog
d:\poc\practiceapp\sensors.dht\arm\debug\sensors.dht.tlog\link.write.1.tlog
d:\poc\practiceapp\sensors.dht\arm\debug\sensors.dht.tlog\sensors.dht.read.1u.tlog
d:\poc\practiceapp\sensors.dht\arm\debug\sensors.dht.tlog\sensors.dht.write.1u.tlog
